<?xml version="1.0" encoding="utf-8"?><testsuites name="pytest tests"><testsuite name="pytest" errors="0" failures="0" skipped="0" tests="26" time="3.961" timestamp="2026-09-19T11:51:30.030518+05:30" hostname="Hatwar-01-laptop"><testcase classname="tests.test_unit" name="test_coverage_parser_valid_xml" time="0.002" /><testcase classname="tests.test_unit" name="test_coverage_parser_invalid_xml" time="0.001" /><testcase classname="tests.test_unit" name="test_result_parser_junit_xml" time="0.001" /><testcase classname="tests.test_unit" name="test_result_parser_merge" time="0.000" /><testcase classname="tests.test_unit" name="test_metrics_service_exists" time="0.000" /><testcase classname="tests.test_unit" name="test_patch_engine_confidence" time="0.000" /><testcase classname="tests.test_unit" name="test_neo4j_serialization" time="0.005" /><testcase classname="tests.test_unit" name="test_result_parser_junit_xml_has_logs_key" time="0.001" /><testcase classname="tests.test_unit" name="test_pydantic_schemas_no_class_config" time="0.000" /><testcase classname="tests.test_unit" name="test_code_understanding_ast_extraction" time="0.001" /><testcase classname="tests.test_unit" name="test_code_understanding_invalid_syntax" time="0.001" /><testcase classname="tests.test_unit" name="test_coverage_analyst_parse_xml" time="0.000" /><testcase classname="tests.test_unit" name="test_agent_state_new_fields" time="0.001" /><testcase classname="tests.test_unit" name="test_orchestrator_has_14_nodes" time="0.008" /><testcase classname="tests.test_unit" name="test_docker_sandbox_local_exec_and_normalization" time="0.071" /><testcase classname="tests.test_unit" name="test_patch_validator_relative_paths" time="1.520" /><testcase classname="tests.test_unit" name="test_apply_unified_diff_hunks" time="0.009" /><testcase classname="tests.test_unit" name="test_heuristic_verdict_anti_deletion" time="0.002" /><testcase classname="tests.test_integration" name="test_health_endpoint" time="0.147" /><testcase classname="tests.test_integration" name="test_openapi_schema" time="0.311" /><testcase classname="tests.test_integration" name="test_login_missing_credentials" time="0.012" /><testcase classname="tests.test_integration" name="test_protected_route_no_token" time="0.010" /><testcase classname="tests.test_integration" name="test_metrics_demo_mode" time="0.042" /><testcase classname="tests.test_integration" name="test_new_auth_api_key_endpoints_registered" time="0.018" /><testcase classname="tests.test_integration" name="test_monitoring_health_registered" time="0.010" /><testcase classname="tests.test_integration" name="test_agents_sessions_registered" time="0.012" /></testsuite></testsuites>